This is pdfTeX, Version 3.14159265-2.6-1.40.19 (TeX Live 2018) (preloaded format=pdflatex 2018.8.24)  25 SEP 2018 18:08
entering extended mode
 restricted \write18 enabled.
 %&-line parsing enabled.
**main.tex
(./main.tex
LaTeX2e <2018-04-01> patch level 2
Babel <3.18> and hyphenation patterns for 84 language(s) loaded.
(/usr/local/texlive/2018/texmf-dist/tex/latex/base/book.cls
Document Class: book 2014/09/29 v1.4h Standard LaTeX document class
(/usr/local/texlive/2018/texmf-dist/tex/latex/base/bk11.clo
File: bk11.clo 2014/09/29 v1.4h Standard LaTeX file (size option)
)
\c@part=\count80
\c@chapter=\count81
\c@section=\count82
\c@subsection=\count83
\c@subsubsection=\count84
\c@paragraph=\count85
\c@subparagraph=\count86
\c@figure=\count87
\c@table=\count88
\abovecaptionskip=\skip41
\belowcaptionskip=\skip42
\bibindent=\dimen102
)
\@input{i10preamble.aux}
\openout2 = `i10preamble.aux'.

(./i10preamble.tex
(/usr/local/texlive/2018/texmf-dist/tex/latex/base/inputenc.sty
Package: inputenc 2018/04/06 v1.3b Input encoding file
\inpenc@prehook=\toks14
\inpenc@posthook=\toks15
)
(/usr/local/texlive/2018/texmf-dist/tex/latex/base/latexsym.sty
Package: latexsym 1998/08/17 v2.2e Standard LaTeX package (lasy symbols)
\symlasy=\mathgroup4
LaTeX Font Info:    Overwriting symbol font `lasy' in version `bold'
(Font)                  U/lasy/m/n --> U/lasy/b/n on input line 52.
)
(/usr/local/texlive/2018/texmf-dist/tex/latex/amsmath/amsmath.sty
Package: amsmath 2017/09/02 v2.17a AMS math features
\@mathmargin=\skip43

For additional information on amsmath, use the `?' option.
(/usr/local/texlive/2018/texmf-dist/tex/latex/amsmath/amstext.sty
Package: amstext 2000/06/29 v2.01 AMS text

(/usr/local/texlive/2018/texmf-dist/tex/latex/amsmath/amsgen.sty
File: amsgen.sty 1999/11/30 v2.0 generic functions
\@emptytoks=\toks16
\ex@=\dimen103
))
(/usr/local/texlive/2018/texmf-dist/tex/latex/amsmath/amsbsy.sty
Package: amsbsy 1999/11/29 v1.2d Bold Symbols
\pmbraise@=\dimen104
)
(/usr/local/texlive/2018/texmf-dist/tex/latex/amsmath/amsopn.sty
Package: amsopn 2016/03/08 v2.02 operator names
)
\inf@bad=\count89
LaTeX Info: Redefining \frac on input line 213.
\uproot@=\count90
\leftroot@=\count91
LaTeX Info: Redefining \overline on input line 375.
\classnum@=\count92
\DOTSCASE@=\count93
LaTeX Info: Redefining \ldots on input line 472.
LaTeX Info: Redefining \dots on input line 475.
LaTeX Info: Redefining \cdots on input line 596.
\Mathstrutbox@=\box26
\strutbox@=\box27
\big@size=\dimen105
LaTeX Font Info:    Redeclaring font encoding OML on input line 712.
LaTeX Font Info:    Redeclaring font encoding OMS on input line 713.
\macc@depth=\count94
\c@MaxMatrixCols=\count95
\dotsspace@=\muskip10
\c@parentequation=\count96
\dspbrk@lvl=\count97
\tag@help=\toks17
\row@=\count98
\column@=\count99
\maxfields@=\count100
\andhelp@=\toks18
\eqnshift@=\dimen106
\alignsep@=\dimen107
\tagshift@=\dimen108
\tagwidth@=\dimen109
\totwidth@=\dimen110
\lineht@=\dimen111
\@envbody=\toks19
\multlinegap=\skip44
\multlinetaggap=\skip45
\mathdisplay@stack=\toks20
LaTeX Info: Redefining \[ on input line 2817.
LaTeX Info: Redefining \] on input line 2818.
)
(/usr/local/texlive/2018/texmf-dist/tex/latex/amsfonts/amssymb.sty
Package: amssymb 2013/01/14 v3.01 AMS font symbols

(/usr/local/texlive/2018/texmf-dist/tex/latex/amsfonts/amsfonts.sty
Package: amsfonts 2013/01/14 v3.01 Basic AMSFonts support
\symAMSa=\mathgroup5
\symAMSb=\mathgroup6
LaTeX Font Info:    Overwriting math alphabet `\mathfrak' in version `bold'
(Font)                  U/euf/m/n --> U/euf/b/n on input line 106.
))
(/usr/local/texlive/2018/texmf-dist/tex/latex/booktabs/booktabs.sty
Package: booktabs 2016/04/27 v1.618033 publication quality tables
\heavyrulewidth=\dimen112
\lightrulewidth=\dimen113
\cmidrulewidth=\dimen114
\belowrulesep=\dimen115
\belowbottomsep=\dimen116
\aboverulesep=\dimen117
\abovetopsep=\dimen118
\cmidrulesep=\dimen119
\cmidrulekern=\dimen120
\defaultaddspace=\dimen121
\@cmidla=\count101
\@cmidlb=\count102
\@aboverulesep=\dimen122
\@belowrulesep=\dimen123
\@thisruleclass=\count103
\@lastruleclass=\count104
\@thisrulewidth=\dimen124
)
(/usr/local/texlive/2018/texmf-dist/tex/latex/graphics/color.sty
Package: color 2016/07/10 v1.1e Standard LaTeX Color (DPC)

(/usr/local/texlive/2018/texmf-dist/tex/latex/graphics-cfg/color.cfg
File: color.cfg 2016/01/02 v1.6 sample color configuration
)
Package color Info: Driver file: pdftex.def on input line 147.

(/usr/local/texlive/2018/texmf-dist/tex/latex/graphics-def/pdftex.def
File: pdftex.def 2018/01/08 v1.0l Graphics/color driver for pdftex
))
(/usr/local/texlive/2018/texmf-dist/tex/latex/graphics/graphicx.sty
Package: graphicx 2017/06/01 v1.1a Enhanced LaTeX Graphics (DPC,SPQR)

(/usr/local/texlive/2018/texmf-dist/tex/latex/graphics/keyval.sty
Package: keyval 2014/10/28 v1.15 key=value parser (DPC)
\KV@toks@=\toks21
)
(/usr/local/texlive/2018/texmf-dist/tex/latex/graphics/graphics.sty
Package: graphics 2017/06/25 v1.2c Standard LaTeX Graphics (DPC,SPQR)

(/usr/local/texlive/2018/texmf-dist/tex/latex/graphics/trig.sty
Package: trig 2016/01/03 v1.10 sin cos tan (DPC)
)
(/usr/local/texlive/2018/texmf-dist/tex/latex/graphics-cfg/graphics.cfg
File: graphics.cfg 2016/06/04 v1.11 sample graphics configuration
)
Package graphics Info: Driver file: pdftex.def on input line 99.
)
\Gin@req@height=\dimen125
\Gin@req@width=\dimen126
)
(./noindent.sty)
(/usr/local/texlive/2018/texmf-dist/tex/latex/psnfss/palatino.sty
Package: palatino 2005/04/12 PSNFSS-v9.2a (SPQR) 
)
(/usr/local/texlive/2018/texmf-dist/tex/latex/natbib/natbib.sty
Package: natbib 2010/09/13 8.31b (PWD, AO)
\bibhang=\skip46
\bibsep=\skip47
LaTeX Info: Redefining \cite on input line 694.
\c@NAT@ctr=\count105
)
(/usr/local/texlive/2018/texmf-dist/tex/latex/base/ifthen.sty
Package: ifthen 2014/09/29 v1.1c Standard LaTeX ifthen package (DPC)
)
(/usr/local/texlive/2018/texmf-dist/tex/latex/mparhack/mparhack.sty
Package: mparhack 2005/04/17 v1.4 (T. Sgouros and S. Ulrich)
)
(/usr/local/texlive/2018/texmf-dist/tex/latex/hyperref/hyperref.sty
Package: hyperref 2018/02/06 v6.86b Hypertext links for LaTeX

(/usr/local/texlive/2018/texmf-dist/tex/generic/oberdiek/hobsub-hyperref.sty
Package: hobsub-hyperref 2016/05/16 v1.14 Bundle oberdiek, subset hyperref (HO)


(/usr/local/texlive/2018/texmf-dist/tex/generic/oberdiek/hobsub-generic.sty
Package: hobsub-generic 2016/05/16 v1.14 Bundle oberdiek, subset generic (HO)
Package: hobsub 2016/05/16 v1.14 Construct package bundles (HO)
Package: infwarerr 2016/05/16 v1.4 Providing info/warning/error messages (HO)
Package: ltxcmds 2016/05/16 v1.23 LaTeX kernel commands for general use (HO)
Package: ifluatex 2016/05/16 v1.4 Provides the ifluatex switch (HO)
Package ifluatex Info: LuaTeX not detected.
Package: ifvtex 2016/05/16 v1.6 Detect VTeX and its facilities (HO)
Package ifvtex Info: VTeX not detected.
Package: intcalc 2016/05/16 v1.2 Expandable calculations with integers (HO)
Package: ifpdf 2017/03/15 v3.2 Provides the ifpdf switch
Package: etexcmds 2016/05/16 v1.6 Avoid name clashes with e-TeX commands (HO)
Package etexcmds Info: Could not find \expanded.
(etexcmds)             That can mean that you are not using pdfTeX 1.50 or
(etexcmds)             that some package has redefined \expanded.
(etexcmds)             In the latter case, load this package earlier.
Package: kvsetkeys 2016/05/16 v1.17 Key value parser (HO)
Package: kvdefinekeys 2016/05/16 v1.4 Define keys (HO)
Package: pdftexcmds 2018/01/30 v0.27 Utility functions of pdfTeX for LuaTeX (HO
)
Package pdftexcmds Info: LuaTeX not detected.
Package pdftexcmds Info: \pdf@primitive is available.
Package pdftexcmds Info: \pdf@ifprimitive is available.
Package pdftexcmds Info: \pdfdraftmode found.
Package: pdfescape 2016/05/16 v1.14 Implements pdfTeX's escape features (HO)
Package: bigintcalc 2016/05/16 v1.4 Expandable calculations on big integers (HO
)
Package: bitset 2016/05/16 v1.2 Handle bit-vector datatype (HO)
Package: uniquecounter 2016/05/16 v1.3 Provide unlimited unique counter (HO)
)
Package hobsub Info: Skipping package `hobsub' (already loaded).
Package: letltxmacro 2016/05/16 v1.5 Let assignment for LaTeX macros (HO)
Package: hopatch 2016/05/16 v1.3 Wrapper for package hooks (HO)
Package: xcolor-patch 2016/05/16 xcolor patch
Package: atveryend 2016/05/16 v1.9 Hooks at the very end of document (HO)
Package atveryend Info: \enddocument detected (standard20110627).
Package: atbegshi 2016/06/09 v1.18 At begin shipout hook (HO)
Package: refcount 2016/05/16 v3.5 Data extraction from label references (HO)
Package: hycolor 2016/05/16 v1.8 Color options for hyperref/bookmark (HO)
)
(/usr/local/texlive/2018/texmf-dist/tex/generic/ifxetex/ifxetex.sty
Package: ifxetex 2010/09/12 v0.6 Provides ifxetex conditional
)
(/usr/local/texlive/2018/texmf-dist/tex/latex/oberdiek/auxhook.sty
Package: auxhook 2016/05/16 v1.4 Hooks for auxiliary files (HO)
)
(/usr/local/texlive/2018/texmf-dist/tex/latex/oberdiek/kvoptions.sty
Package: kvoptions 2016/05/16 v3.12 Key value format for package options (HO)
)
\@linkdim=\dimen127
\Hy@linkcounter=\count106
\Hy@pagecounter=\count107

(/usr/local/texlive/2018/texmf-dist/tex/latex/hyperref/pd1enc.def
File: pd1enc.def 2018/02/06 v6.86b Hyperref: PDFDocEncoding definition (HO)
Now handling font encoding PD1 ...
... no UTF-8 mapping file for font encoding PD1
)
\Hy@SavedSpaceFactor=\count108

(/usr/local/texlive/2018/texmf-dist/tex/latex/latexconfig/hyperref.cfg
File: hyperref.cfg 2002/06/06 v1.2 hyperref configuration of TeXLive
)
Package hyperref Info: Option `plainpages' set `false' on input line 4383.
Package hyperref Info: Option `pdfpagelabels' set `true' on input line 4383.
Package hyperref Info: Hyper figures OFF on input line 4509.
Package hyperref Info: Link nesting OFF on input line 4514.
Package hyperref Info: Hyper index ON on input line 4517.
Package hyperref Info: Plain pages OFF on input line 4524.
Package hyperref Info: Backreferencing OFF on input line 4529.
Package hyperref Info: Implicit mode ON; LaTeX internals redefined.
Package hyperref Info: Bookmarks ON on input line 4762.
\c@Hy@tempcnt=\count109

(/usr/local/texlive/2018/texmf-dist/tex/latex/url/url.sty
\Urlmuskip=\muskip11
Package: url 2013/09/16  ver 3.4  Verb mode for urls, etc.
)
LaTeX Info: Redefining \url on input line 5115.
\XeTeXLinkMargin=\dimen128
\Fld@menulength=\count110
\Field@Width=\dimen129
\Fld@charsize=\dimen130
Package hyperref Info: Hyper figures OFF on input line 6369.
Package hyperref Info: Link nesting OFF on input line 6374.
Package hyperref Info: Hyper index ON on input line 6377.
Package hyperref Info: backreferencing OFF on input line 6384.
Package hyperref Info: Link coloring OFF on input line 6389.
Package hyperref Info: Link coloring with OCG OFF on input line 6394.
Package hyperref Info: PDF/A mode OFF on input line 6399.
LaTeX Info: Redefining \ref on input line 6439.
LaTeX Info: Redefining \pageref on input line 6443.
\Hy@abspage=\count111
\c@Item=\count112
\c@Hfootnote=\count113
)
Package hyperref Info: Driver: hpdftex.

(/usr/local/texlive/2018/texmf-dist/tex/latex/hyperref/hpdftex.def
File: hpdftex.def 2018/02/06 v6.86b Hyperref driver for pdfTeX
\Fld@listcount=\count114
\c@bookmark@seq@number=\count115

(/usr/local/texlive/2018/texmf-dist/tex/latex/oberdiek/rerunfilecheck.sty
Package: rerunfilecheck 2016/05/16 v1.8 Rerun checks for auxiliary files (HO)
Package uniquecounter Info: New unique counter `rerunfilecheck' on input line 2
82.
)
\Hy@SectionHShift=\skip48
)
(/usr/local/texlive/2018/texmf-dist/tex/latex/fancyhdr/fancyhdr.sty
Package: fancyhdr 2017/06/30 v3.9a Extensive control of page headers and footer
s
\f@nch@headwidth=\skip49
\f@nch@O@elh=\skip50
\f@nch@O@erh=\skip51
\f@nch@O@olh=\skip52
\f@nch@O@orh=\skip53
\f@nch@O@elf=\skip54
\f@nch@O@erf=\skip55
\f@nch@O@olf=\skip56
\f@nch@O@orf=\skip57
)
(/usr/local/texlive/2018/texmf-dist/tex/latex/geometry/geometry.sty
Package: geometry 2018/03/24 v5.7 Page Geometry
\Gm@cnth=\count116
\Gm@cntv=\count117
\c@Gm@tempcnt=\count118
\Gm@bindingoffset=\dimen131
\Gm@wd@mp=\dimen132
\Gm@odd@mp=\dimen133
\Gm@even@mp=\dimen134
\Gm@layoutwidth=\dimen135
\Gm@layoutheight=\dimen136
\Gm@layouthoffset=\dimen137
\Gm@layoutvoffset=\dimen138
\Gm@dimlist=\toks22
)
\fullwidth=\skip58

(/usr/local/texlive/2018/texmf-dist/tex/latex/eso-pic/eso-pic.sty
Package: eso-pic 2015/07/21 v2.0g eso-pic (RN)
)
(/usr/local/texlive/2018/texmf-dist/tex/latex/base/makeidx.sty
Package: makeidx 2014/09/29 v1.0m Standard LaTeX package
)
\@indexfile=\write3
\openout3 = `main.idx'.


Writing index file main.idx
Package color Info: Redefining color blue on input line 393.
(/usr/local/texlive/2018/texmf-dist/tex/latex/changepage/chngpage.sty
Package: chngpage 2009/10/20 v1.2b change page layout
\c@cp@cnt=\count119
\c@cp@tempcnt=\count120
)
(/usr/local/texlive/2018/texmf-dist/tex/latex/caption/caption.sty
Package: caption 2016/02/21 v3.3-144 Customizing captions (AR)

(/usr/local/texlive/2018/texmf-dist/tex/latex/caption/caption3.sty
Package: caption3 2016/05/22 v1.7-166 caption3 kernel (AR)
Package caption3 Info: TeX engine: e-TeX on input line 67.
\captionmargin=\dimen139
\captionmargin@=\dimen140
\captionwidth=\dimen141
\caption@tempdima=\dimen142
\caption@indent=\dimen143
\caption@parindent=\dimen144
\caption@hangindent=\dimen145
)
\c@ContinuedFloat=\count121
Package caption Info: hyperref package is loaded.
)
(/usr/local/texlive/2018/texmf-dist/tex/latex/graphics/rotating.sty
Package: rotating 2016/08/11 v2.16d rotated objects in LaTeX
\c@r@tfl@t=\count122
\rotFPtop=\skip59
\rotFPbot=\skip60
\rot@float@box=\box28
\rot@mess@toks=\toks23
)
\myDefBoxWidth=\skip61
\myBigDefBoxWidth=\skip62

(/usr/local/texlive/2018/texmf-dist/tex/latex/base/alltt.sty
Package: alltt 1997/06/16 v2.0g defines alltt environment
)
Package color Info: Redefining color red on input line 704.
) (./main.aux
(./indexAddOn.aux) (./declarationofownwork.aux) (./abstract.aux)
(./acknowledgements.aux) (./conventions.aux) (./introduction.aux)
(./relatedwork.aux) (./ownwork.aux) (./evaluation.aux)
(./summaryandfuturework.aux) (./appendix_01.aux) (./appendix_02.aux))
\openout1 = `main.aux'.

LaTeX Font Info:    Checking defaults for OML/cmm/m/it on input line 42.
LaTeX Font Info:    ... okay on input line 42.
LaTeX Font Info:    Checking defaults for T1/cmr/m/n on input line 42.
LaTeX Font Info:    ... okay on input line 42.
LaTeX Font Info:    Checking defaults for OT1/cmr/m/n on input line 42.
LaTeX Font Info:    ... okay on input line 42.
LaTeX Font Info:    Checking defaults for OMS/cmsy/m/n on input line 42.
LaTeX Font Info:    ... okay on input line 42.
LaTeX Font Info:    Checking defaults for OMX/cmex/m/n on input line 42.
LaTeX Font Info:    ... okay on input line 42.
LaTeX Font Info:    Checking defaults for U/cmr/m/n on input line 42.
LaTeX Font Info:    ... okay on input line 42.
LaTeX Font Info:    Checking defaults for PD1/pdf/m/n on input line 42.
LaTeX Font Info:    ... okay on input line 42.
LaTeX Font Info:    Try loading font information for OT1+ppl on input line 42.

(/usr/local/texlive/2018/texmf-dist/tex/latex/psnfss/ot1ppl.fd
File: ot1ppl.fd 2001/06/04 font definitions for OT1/ppl.
)
(/usr/local/texlive/2018/texmf-dist/tex/context/base/mkii/supp-pdf.mkii
[Loading MPS to PDF converter (version 2006.09.02).]
\scratchcounter=\count123
\scratchdimen=\dimen146
\scratchbox=\box29
\nofMPsegments=\count124
\nofMParguments=\count125
\everyMPshowfont=\toks24
\MPscratchCnt=\count126
\MPscratchDim=\dimen147
\MPnumerator=\count127
\makeMPintoPDFobject=\count128
\everyMPtoPDFconversion=\toks25
) (/usr/local/texlive/2018/texmf-dist/tex/latex/oberdiek/epstopdf-base.sty
Package: epstopdf-base 2016/05/15 v2.6 Base part for package epstopdf

(/usr/local/texlive/2018/texmf-dist/tex/latex/oberdiek/grfext.sty
Package: grfext 2016/05/16 v1.2 Manage graphics extensions (HO)
)
Package epstopdf-base Info: Redefining graphics rule for `.eps' on input line 4
38.
Package grfext Info: Graphics extension search list:
(grfext)             [.pdf,.png,.jpg,.mps,.jpeg,.jbig2,.jb2,.PDF,.PNG,.JPG,.JPE
G,.JBIG2,.JB2,.eps]
(grfext)             \AppendGraphicsExtensions on input line 456.

(/usr/local/texlive/2018/texmf-dist/tex/latex/latexconfig/epstopdf-sys.cfg
File: epstopdf-sys.cfg 2010/07/13 v1.3 Configuration of (r)epstopdf for TeX Liv
e
))
\AtBeginShipoutBox=\box30
Package hyperref Info: Link coloring OFF on input line 42.

(/usr/local/texlive/2018/texmf-dist/tex/latex/hyperref/nameref.sty
Package: nameref 2016/05/21 v2.44 Cross-referencing by name of section

(/usr/local/texlive/2018/texmf-dist/tex/generic/oberdiek/gettitlestring.sty
Package: gettitlestring 2016/05/16 v1.5 Cleanup title references (HO)
)
\c@section@level=\count129
)
LaTeX Info: Redefining \ref on input line 42.
LaTeX Info: Redefining \pageref on input line 42.
LaTeX Info: Redefining \nameref on input line 42.

(./main.out) (./main.out)
\@outlinefile=\write4
\openout4 = `main.out'.


*geometry* driver: auto-detecting
*geometry* detected driver: pdftex
*geometry* verbose mode - [ preamble ] result:
* driver: pdftex
* paper: a4paper
* layout: <same size as paper>
* layoutoffset:(h,v)=(0.0pt,0.0pt)
* bindingoffset: 28.45274pt
* modes: includehead includemp twoside 
* h-part:(L,W,R)=(56.9055pt, 398.33861pt, 113.81102pt)
* v-part:(T,H,B)=(85.35826pt, 631.65118pt, 128.0374pt)
* \paperwidth=597.50787pt
* \paperheight=845.04684pt
* \textwidth=284.5276pt
* \textheight=589.19844pt
* \oddsidemargin=13.08826pt
* \evensidemargin=155.35204pt
* \topmargin=13.08827pt
* \headheight=14.0pt
* \headsep=28.45274pt
* \topskip=11.0pt
* \footskip=27.46295pt
* \marginparwidth=85.35826pt
* \marginparsep=28.45274pt
* \columnsep=10.0pt
* \skip\footins=10.0pt plus 4.0pt minus 2.0pt
* \hoffset=0.0pt
* \voffset=0.0pt
* \mag=1000
* \@twocolumnfalse
* \@twosidetrue
* \@mparswitchtrue
* \@reversemarginfalse
* (1in=72.27pt=25.4mm, 1cm=28.453pt)

Package caption Info: Begin \AtBeginDocument code.
Package caption Info: rotating package is loaded.
Package caption Info: End \AtBeginDocument code.
\openout2 = `indexAddOn.aux'.

(./indexAddOn.tex)
<images/titlepage_master.pdf, id=116, 597.50731pt x 845.0471pt>
File: images/titlepage_master.pdf Graphic file (type pdf)
<use images/titlepage_master.pdf>
Package pdftex.def Info: images/titlepage_master.pdf  used on input line 66.
(pdftex.def)             Requested size: 597.50787pt x 845.04504pt.
 [1








 <./images/titlepage_master.pdf>] [2


]
\openout2 = `declarationofownwork.aux'.


(./declarationofownwork.texpdfTeX warning (ext4): destination with the same ide
ntifier (name{page.i}) has been already used, duplicate ignored
<to be read again> 
                   \relax 
l.13 \end{titlepage}
                    
<images/oathstatement.pdf, id=146, 597.23125pt x 845.1575pt>
File: images/oathstatement.pdf Graphic file (type pdf)
<use images/oathstatement.pdf>
Package pdftex.def Info: images/oathstatement.pdf  used on input line 13.
(pdftex.def)             Requested size: 597.50787pt x 845.6068pt.
 [1


 <./images/oathstatement.pdf>])pdfTeX warning (ext4): destination with the same
 identifier (name{page.ii}) has been already used, duplicate ignored
<to be read again> 
                   \relax 
l.72 \emptydoublepage
                      [2



]
LaTeX Font Info:    Font shape `OT1/ppl/bx/n' in size <24.88> not available
(Font)              Font shape `OT1/ppl/b/n' tried instead on input line 76.
 (./main.toc
LaTeX Font Info:    Font shape `OT1/ppl/bx/n' in size <10.95> not available
(Font)              Font shape `OT1/ppl/b/n' tried instead on input line 1.
LaTeX Font Info:    Try loading font information for U+lasy on input line 7.

(/usr/local/texlive/2018/texmf-dist/tex/latex/base/ulasy.fd
File: ulasy.fd 1998/08/17 v2.2e LaTeX symbol font definitions
)
LaTeX Font Info:    Try loading font information for U+msa on input line 7.

(/usr/local/texlive/2018/texmf-dist/tex/latex/amsfonts/umsa.fd
File: umsa.fd 2013/01/14 v3.01 AMS symbols A
)
LaTeX Font Info:    Try loading font information for U+msb on input line 7.

(/usr/local/texlive/2018/texmf-dist/tex/latex/amsfonts/umsb.fd
File: umsb.fd 2013/01/14 v3.01 AMS symbols B
) [5{/usr/local/texlive/2018/texmf-var/fonts/map/pdftex/updmap/pdftex.map}

])
\tf@toc=\write5
\openout5 = `main.toc'.

 [6] (./main.lof
[7



])
\tf@lof=\write6
\openout6 = `main.lof'.

 [8] (./main.lot)
\tf@lot=\write7
\openout7 = `main.lot'.

 [9



] [10


]
\openout2 = `abstract.aux'.

 (./abstract.tex [11



] [12

]
Underfull \hbox (badness 3219) in paragraph at lines 25--31
\OT1/ppl/m/n/10.95 Global Po-si-tion-ing Sys-teme f[]ur Nav-i-ga-tion unter Was
ser ist ein ak-tuelles
 []

[13]) [14




]
\openout2 = `acknowledgements.aux'.

 (./acknowledgements.tex [15



]) [16




]
\openout2 = `conventions.aux'.

 (./conventions.tex
LaTeX Font Info:    Font shape `OT1/ppl/bx/sc' in size <10.95> not available
(Font)              Font shape `OT1/ppl/b/sc' tried instead on input line 22.
LaTeX Font Info:    Try loading font information for OT1+phv on input line 22.

(/usr/local/texlive/2018/texmf-dist/tex/latex/psnfss/ot1phv.fd
File: ot1phv.fd 2001/06/04 scalable font definitions for OT1/phv.
)
LaTeX Font Info:    Font shape `OT1/phv/m/it' in size <9> not available
(Font)              Font shape `OT1/phv/m/sl' tried instead on input line 22.

Underfull \hbox (badness 10000) in paragraph at lines 22--23

 []

LaTeX Font Info:    Try loading font information for OT1+pcr on input line 28.
(/usr/local/texlive/2018/texmf-dist/tex/latex/psnfss/ot1pcr.fd
File: ot1pcr.fd 2001/06/04 font definitions for OT1/pcr.
)
Overfull \hbox (114.12044pt too wide) in paragraph at lines 38--39
[][][][] 
 []

) [17


] [18



]
\openout2 = `introduction.aux'.

 (./introduction.tex
Chapter 1.
LaTeX Font Info:    Font shape `OT1/ppl/bx/n' in size <20.74> not available
(Font)              Font shape `OT1/ppl/b/n' tried instead on input line 8.
[1



] [2]) [3] [4



]
\openout2 = `relatedwork.aux'.

 (./relatedwork.tex
Chapter 2.
[5


]
LaTeX Font Info:    Font shape `OT1/ppl/bx/n' in size <14.4> not available
(Font)              Font shape `OT1/ppl/b/n' tried instead on input line 31.
<images/scubusS.jpg, id=369, 803.0pt x 446.66875pt>
File: images/scubusS.jpg Graphic file (type jpg)
<use images/scubusS.jpg>
Package pdftex.def Info: images/scubusS.jpg  used on input line 54.
(pdftex.def)             Requested size: 284.5276pt x 158.27203pt.
 [6] [7 <./images/scubusS.jpg>]) [8]
\openout2 = `ownwork.aux'.

 (./ownwork.tex
Chapter 3.
[9





]
Underfull \hbox (badness 1005) in paragraph at lines 47--53
 []\OT1/ppl/b/n/10.95 Auditory Feed-back[] \OT1/ppl/m/n/10.95 For au-di-tory fe
ed-back we choose
 []

[10]
LaTeX Font Info:    Font shape `OT1/ppl/bx/n' in size <12> not available
(Font)              Font shape `OT1/ppl/b/n' tried instead on input line 85.

Underfull \vbox (badness 10000) has occurred while \output is active []

 [11]
<images/LEDcloseupcut.png, id=436, 544.0325pt x 593.21625pt>
File: images/LEDcloseupcut.png Graphic file (type png)
<use images/LEDcloseupcut.png>
Package pdftex.def Info: images/LEDcloseupcut.png  used on input line 94.
(pdftex.def)             Requested size: 284.5276pt x 310.26646pt.

[12 <./images/LEDcloseupcut.png>]
<images/headbandfastener.png, id=444, 3335.46124pt x 2553.54pt>
File: images/headbandfastener.png Graphic file (type png)
<use images/headbandfastener.png>
Package pdftex.def Info: images/headbandfastener.png  used on input line 104.
(pdftex.def)             Requested size: 284.5276pt x 217.80782pt.
<images/peltier.png, id=445, 2179.14125pt x 1591.9475pt>
File: images/peltier.png Graphic file (type png)
<use images/peltier.png>
Package pdftex.def Info: images/peltier.png  used on input line 114.
(pdftex.def)             Requested size: 284.5276pt x 207.8592pt.
 [13 <./images/headbandfastener.png>]
<images/headbandmotorbag.png, id=453, 2346.7675pt x 1785.67125pt>
File: images/headbandmotorbag.png Graphic file (type png)
<use images/headbandmotorbag.png>
Package pdftex.def Info: images/headbandmotorbag.png  used on input line 125.
(pdftex.def)             Requested size: 284.5276pt x 216.47832pt.
<images/headbandpatches.png, id=455, 2547.5175pt x 1913.1475pt>
File: images/headbandpatches.png Graphic file (type png)
<use images/headbandpatches.png>
Package pdftex.def Info: images/headbandpatches.png  used on input line 133.
(pdftex.def)             Requested size: 284.5276pt x 213.65802pt.
<images/button.png, id=457, 2091.815pt x 2269.47874pt>
File: images/button.png Graphic file (type png)
<use images/button.png>
Package pdftex.def Info: images/button.png  used on input line 146.
(pdftex.def)             Requested size: 284.5276pt x 308.68658pt.

Underfull \hbox (badness 1048) in paragraph at lines 150--156
[]\OT1/ppl/m/n/10.95 The wires of the LED, vi-bra-tion mo-tor, therom-elec-tric

 []

[14 <./images/peltier.png>] [15 <./images/headbandmotorbag.png> <./images/headb
andpatches.png>]
<images/wires.png, id=472, 2129.9575pt x 1190.4475pt>
File: images/wires.png Graphic file (type png)
<use images/wires.png>
Package pdftex.def Info: images/wires.png  used on input line 158.
(pdftex.def)             Requested size: 284.5276pt x 159.01414pt.
<images/breadboard.png, id=473, 3503.0875pt x 2094.82625pt>
File: images/breadboard.png Graphic file (type png)
<use images/breadboard.png>
Package pdftex.def Info: images/breadboard.png  used on input line 163.
(pdftex.def)             Requested size: 284.5276pt x 170.11472pt.
<images/studysetupcut.png, id=474, 1027.84pt x 602.25pt>
File: images/studysetupcut.png Graphic file (type png)
<use images/studysetupcut.png>
Package pdftex.def Info: images/studysetupcut.png  used on input line 169.
(pdftex.def)             Requested size: 284.5276pt x 166.7174pt.

Underfull \vbox (badness 10000) has occurred while \output is active []

 [16 <./images/button.png>] [17 <./images/wires.png>] [18 <./images/breadboard.
png>]
[19 <./images/studysetupcut.png>] [20]) [21] [22



]
\openout2 = `evaluation.aux'.

 (./evaluation.tex
Chapter 4.
[23


]
<images/setup2.png, id=517, 2862.695pt x 1619.04875pt>
File: images/setup2.png Graphic file (type png)
<use images/setup2.png>
Package pdftex.def Info: images/setup2.png  used on input line 29.
(pdftex.def)             Requested size: 284.5276pt x 160.90146pt.
 [24 <./images/setup2.png>]
Underfull \hbox (badness 4120) in paragraph at lines 49--52
\OT1/ppl/m/it/10.95 puls-ing LED\OT1/ppl/m/n/10.95 , vi-bra-tion, in-creas-ing 
vi-bra-tion, cool-ing,
 []

<images/ResultsOfReactionTimes.png, id=524, 400.01056pt x 162.21895pt>
File: images/ResultsOfReactionTimes.png Graphic file (type png)
<use images/ResultsOfReactionTimes.png>
Package pdftex.def Info: images/ResultsOfReactionTimes.png  used on input line 
57.
(pdftex.def)             Requested size: 284.5276pt x 115.38911pt.
<images/m_sd_table_noranking.png, id=525, 2498.33376pt x 854.19125pt>
File: images/m_sd_table_noranking.png Graphic file (type png)
<use images/m_sd_table_noranking.png>
Package pdftex.def Info: images/m_sd_table_noranking.png  used on input line 63
.
(pdftex.def)             Requested size: 284.5276pt x 97.27193pt.
<images/GraphQuestionnaireNoranking.png, id=526, 2529.45pt x 658.46pt>
File: images/GraphQuestionnaireNoranking.png Graphic file (type png)
<use images/GraphQuestionnaireNoranking.png>
Package pdftex.def Info: images/GraphQuestionnaireNoranking.png  used on input 
line 68.
(pdftex.def)             Requested size: 284.5276pt x 74.05847pt.
[25 <./images/ResultsOfReactionTimes.png>] [26 <./images/m_sd_table_noranking.p
ng> <./images/GraphQuestionnaireNoranking.png>]
Underfull \vbox (badness 1158) has occurred while \output is active []

 [27]
<images/ResultsOfReactionTimesUser12.png, id=552, 1216.545pt x 729.32475pt>
File: images/ResultsOfReactionTimesUser12.png Graphic file (type png)
<use images/ResultsOfReactionTimesUser12.png>
Package pdftex.def Info: images/ResultsOfReactionTimesUser12.png  used on input
 line 124.
(pdftex.def)             Requested size: 284.5276pt x 170.56783pt.
)
[28] [29 <./images/ResultsOfReactionTimesUser12.png>] [30



]
\openout2 = `summaryandfuturework.aux'.


(./summaryandfuturework.tex
Chapter 5.
[31


] [32]) [33] [34



]
\openout2 = `appendix_01.aux'.

 (./appendix_01.tex
Appendix A.

Underfull \hbox (badness 10000) in paragraph at lines 11--11
[][][]\OT1/ppl/m/n/9 http://hci.rwth-aachen.de/public/UnderwaterNavigation/Comp
aring Feed-back Tech-
 []

)
Overfull \hbox (114.12044pt too wide) in paragraph at lines 11--115
[][][] 
 []

[35


] [36



] (./main.bbl
Underfull \hbox (badness 1189) in paragraph at lines 15--22
[]\OT1/ppl/m/n/10.95 S. Bosman, B. Groe-nen-daal, J. W. Find-later, T. Visser,
 []


Underfull \hbox (badness 3148) in paragraph at lines 33--38
[]\OT1/ppl/m/n/10.95 B. Givoni, J. Khedari, N.H. Wong, H. Fe-ri-adi, and
 []


Underfull \hbox (badness 2671) in paragraph at lines 62--68
[]\OT1/ppl/m/n/10.95 I. Hi-ro-sawa, H. Dodo, M. Hosokawa, S.. Watan-abe,
 []

[37



]
Underfull \hbox (badness 10000) in paragraph at lines 87--91
[]\OT1/ppl/m/n/10.95 Robinson Meyer.  Gps doesn't work un-der-
 []


Underfull \hbox (badness 10000) in paragraph at lines 87--91
\OT1/ppl/m/n/10.95 wa-ter, 2016.  []$\OT1/pcr/m/n/10.95 https : / / www . theat
lantic .
 []


Underfull \hbox (badness 10000) in paragraph at lines 87--91
\OT1/pcr/m/n/10.95 com / technology / archive / 2016 / 06 /
 []


Underfull \hbox (badness 7379) in paragraph at lines 93--97
[]\OT1/ppl/m/n/10.95 A. L. N. Smith, B. An-drick.  Scubus s - gps-
 []


Underfull \hbox (badness 10000) in paragraph at lines 93--97
\OT1/ppl/m/n/10.95 based un-der-wa-ter nav-i-ga-tion tech-nol-ogy, 2015.
 []


Underfull \hbox (badness 10000) in paragraph at lines 93--97
[]$\OT1/pcr/m/n/10.95 https : / / snorkelaroundtheworld . com / 2015 /
 []


Underfull \hbox (badness 10000) in paragraph at lines 99--103
[]\OT1/ppl/m/n/10.95 Kelly Ne-howig.  Nav-dive -- gps-based nav-i-ga-
 []


Underfull \hbox (badness 10000) in paragraph at lines 99--103
\OT1/ppl/m/n/10.95 tion for scuba divers, 2014.  []$\OT1/pcr/m/n/10.95 https : 
/ / www .
 []


Underfull \hbox (badness 10000) in paragraph at lines 99--103
\OT1/pcr/m/n/10.95 kickstarter . com / projects / 1889195857 /
 []


Overfull \hbox (31.64206pt too wide) in paragraph at lines 99--103
\OT1/pcr/m/n/10.95 navdive-[]gps-[]based-[]navigation-[]for-[]scuba-[]divers /
 []


Underfull \hbox (badness 1688) in paragraph at lines 106--113
\OT1/ppl/m/n/10.95 3025453 . 3025824$.  URL []$\OT1/pcr/m/n/10.95 http : / / do
i . acm . org / 10 .
 []

[38]) [39] [40


]
No file main.ind.
[41]
Package atveryend Info: Empty hook `BeforeClearDocument' on input line 148.
Package atveryend Info: Empty hook `AfterLastShipout' on input line 148.
 (./main.aux (./indexAddOn.aux) (./declarationofownwork.aux)
(./abstract.aux) (./acknowledgements.aux) (./conventions.aux)
(./introduction.aux) (./relatedwork.aux) (./ownwork.aux) (./evaluation.aux)
(./summaryandfuturework.aux) (./appendix_01.aux))
Package atveryend Info: Executing hook `AtVeryEndDocument' on input line 148.
Package atveryend Info: Executing hook `AtEndAfterFileList' on input line 148.


Package rerunfilecheck Warning: File `main.out' has changed.
(rerunfilecheck)                Rerun to get outlines right
(rerunfilecheck)                or use package `bookmark'.

Package rerunfilecheck Info: Checksums for `main.out':
(rerunfilecheck)             Before: 7370862923E7FEA3954CA6F602E4AD78;1641
(rerunfilecheck)             After:  BE9ECF54AD5953748A09E60160C81177;1576.
Package atveryend Info: Empty hook `AtVeryVeryEnd' on input line 148.
 ) 
Here is how much of TeX's memory you used:
 9009 strings out of 492649
 133960 string characters out of 6129622
 247180 words of memory out of 5000000
 12485 multiletter control sequences out of 15000+600000
 33355 words of font info for 87 fonts, out of 8000000 for 9000
 1145 hyphenation exceptions out of 8191
 40i,12n,51p,597b,447s stack positions out of 5000i,500n,10000p,200000b,80000s
pdfTeX warning (dest): name{appendix.B} has been referenced but does not exis
t, replaced by a fixed one

{/usr/local/texlive/2018/texmf-dist/fonts/enc/dvips/base/8r.enc}</usr/local/tex
live/2018/texmf-dist/fonts/type1/public/amsfonts/cm/cmmi10.pfb></usr/local/texl
ive/2018/texmf-dist/fonts/type1/public/amsfonts/cm/cmr10.pfb></usr/local/texliv
e/2018/texmf-dist/fonts/type1/public/amsfonts/cm/cmr8.pfb></usr/local/texlive/2
018/texmf-dist/fonts/type1/urw/courier/ucrr8a.pfb></usr/local/texlive/2018/texm
f-dist/fonts/type1/urw/helvetic/uhvr8a.pfb></usr/local/texlive/2018/texmf-dist/
fonts/type1/urw/helvetic/uhvro8a.pfb></usr/local/texlive/2018/texmf-dist/fonts/
type1/urw/palatino/uplb8a.pfb></usr/local/texlive/2018/texmf-dist/fonts/type1/u
rw/palatino/uplr8a.pfb></usr/local/texlive/2018/texmf-dist/fonts/type1/urw/pala
tino/uplr8a.pfb></usr/local/texlive/2018/texmf-dist/fonts/type1/urw/palatino/up
lri8a.pfb>
Output written on main.pdf (59 pages, 49988868 bytes).
PDF statistics:
 714 PDF objects out of 1000 (max. 8388607)
 600 compressed objects within 6 object streams
 134 named destinations out of 1000 (max. 500000)
 310 words of extra memory for PDF output out of 10000 (max. 10000000)

