\BOOKMARK [0][-]{chapter*.4}{Abstract}{}% 1
\BOOKMARK [0][-]{chapter*.5}{\334berblick}{}% 2
\BOOKMARK [0][-]{chapter*.6}{Acknowledgements}{}% 3
\BOOKMARK [0][-]{chapter*.7}{Conventions}{}% 4
\BOOKMARK [0][-]{chapter.1}{Introduction}{}% 5
\BOOKMARK [0][-]{chapter.2}{Related work}{}% 6
\BOOKMARK [1][-]{section.2.1}{Underwater Navigation Systems}{chapter.2}% 7
\BOOKMARK [1][-]{section.2.2}{Feedback modalities}{chapter.2}% 8
\BOOKMARK [0][-]{chapter.3}{Hardware Prototype and Software }{}% 9
\BOOKMARK [1][-]{section.3.1}{System Design}{chapter.3}% 10
\BOOKMARK [2][-]{subsection.3.1.1}{Hardware Prototype}{section.3.1}% 11
\BOOKMARK [2][-]{subsection.3.1.2}{Safety}{section.3.1}% 12
\BOOKMARK [1][-]{section.3.2}{Software}{chapter.3}% 13
\BOOKMARK [2][-]{subsection.3.2.1}{Testing}{section.3.2}% 14
\BOOKMARK [0][-]{chapter.4}{Evaluation}{}% 15
\BOOKMARK [1][-]{section.4.1}{User Study}{chapter.4}% 16
\BOOKMARK [2][-]{subsection.4.1.1}{Procedure}{section.4.1}% 17
\BOOKMARK [2][-]{subsection.4.1.2}{Design}{section.4.1}% 18
\BOOKMARK [2][-]{subsection.4.1.3}{Results}{section.4.1}% 19
\BOOKMARK [2][-]{subsection.4.1.4}{Discussion}{section.4.1}% 20
\BOOKMARK [2][-]{subsection.4.1.5}{Testing outside the water}{section.4.1}% 21
\BOOKMARK [0][-]{chapter.5}{Summary and future work}{}% 22
\BOOKMARK [1][-]{section.5.1}{Summary and contributions}{chapter.5}% 23
\BOOKMARK [1][-]{section.5.2}{Future work}{chapter.5}% 24
\BOOKMARK [0][-]{appendix.A}{TITLE OF THE FIRST APPENDIX}{}% 25
\BOOKMARK [0][-]{section*.31}{Bibliography}{}% 26
\BOOKMARK [0][-]{section*.33}{Index}{}% 27
